Installing libgcc-4.4.6-3.el6.x86_64
warning: libgcc-4.4.6-3.el6.x86_64: Header V3 RSA/SHA1 Signature, key ID c105b9de: NOKEY
Installing fontpackages-filesystem-1.41-1.1.el6.noarch
Installing m17n-db-1.5.5-1.1.el6.noarch
Installing setup-2.8.14-13.el6.noarch
Installing xml-common-0.6.3-32.el6.noarch
Installing iso-codes-3.16-2.el6.noarch
Installing ca-certificates-2010.63-3.el6_1.5.noarch
Installing filesystem-2.4.30-3.el6.x86_64
Installing dejavu-fonts-common-2.30-2.el6.noarch
Installing liberation-fonts-common-1.05.1.20090721-4.el6.noarch
Installing control-center-filesystem-2.28.1-25.el6.x86_64
Installing paktype-fonts-common-2.0-8.el6.noarch
Installing tzdata-2011l-4.el6.noarch
Installing mozilla-filesystem-1.9-5.1.el6.x86_64
Installing foomatic-db-filesystem-4.0-7.20091126.el6.noarch
Installing basesystem-10.0-4.el6.noarch
Installing khmeros-fonts-common-5.0-9.el6.noarch
Installing smc-fonts-common-04.2-11.el6.noarch
Installing thai-scalable-fonts-common-0.4.12-2.1.el6.noarch
Installing un-core-fonts-common-1.0.2-0.15.080608.el6.noarch
Installing vlgothic-fonts-common-20091202-2.el6.noarch
Installing dmz-cursor-themes-0.4-4.el6.noarch
Installing poppler-data-0.4.0-1.el6.noarch
Installing mythes-en-3.0-6.el6.noarch
Installing autocorr-en-3.2.1-19.6.el6_0.5.noarch
Installing lucene-2.3.1-5.9.el6.noarch
Installing mailcap-2.1.31-2.el6.noarch
Installing comps-extras-17.8-1.el6.noarch
Installing ncurses-base-5.7-3.20090208.el6.x86_64
Installing glibc-common-2.12-1.47.el6.x86_64
Installing nss-softokn-freebl-3.12.9-11.el6.x86_64
Installing glibc-2.12-1.47.el6.x86_64
Installing ncurses-libs-5.7-3.20090208.el6.x86_64
Installing bash-4.1.2-8.el6.centos.x86_64
Installing libattr-2.4.44-7.el6.x86_64
Installing libcap-2.16-5.5.el6.x86_64
Installing dbus-libs-1.2.24-5.el6_1.x86_64
Installing freetype-2.3.11-6.el6_1.7.x86_64
Installing libstdc++-4.4.6-3.el6.x86_64
Installing zlib-1.2.3-27.el6.x86_64
Installing libxml2-2.7.6-4.el6.x86_64
Installing libICE-1.0.6-1.el6.x86_64
Installing info-4.13a-8.el6.x86_64
Installing libcom_err-1.41.12-11.el6.x86_64
Installing popt-1.13-7.el6.x86_64
Installing chkconfig-1.3.47-1.el6.x86_64
Installing nspr-4.8.8-3.el6.x86_64
Installing libjpeg-6b-46.el6.x86_64
Installing libuuid-2.17.2-12.4.el6.x86_64
Installing libSM-1.1.0-7.1.el6.x86_64
Installing libpng-1.2.46-1.el6_1.x86_64
Installing expat-2.0.1-9.1.el6.x86_64
Installing nss-util-3.12.10-2.el6.x86_64
Installing audit-libs-2.1.3-3.el6.x86_64
Installing libusb-0.1.12-23.el6.x86_64
Installing db4-4.7.25-16.el6.x86_64
Installing cyrus-sasl-lib-2.1.23-13.el6.x86_64
Installing bzip2-libs-1.0.5-7.el6_0.x86_64
Installing libart_lgpl-2.3.20-5.1.el6.x86_64
Installing avahi-libs-0.6.25-11.el6.x86_64
Installing tcp_wrappers-libs-7.6-57.el6.x86_64
Installing libacl-2.2.49-6.el6.x86_64
Installing pkgconfig-0.23-9.1.el6.x86_64
Installing gawk-3.1.7-6.el6.x86_64
Installing m17n-contrib-1.1.10-4.el6_1.1.noarch
Installing pcre-7.8-3.1.el6.x86_64
Installing grep-2.6.3-2.el6.x86_64
Installing libudev-147-2.40.el6.x86_64
Installing libtdb-1.2.1-3.el6.x86_64
Installing libtalloc-2.0.1-1.1.el6.x86_64
Installing libogg-1.1.4-2.1.el6.x86_64
Installing readline-6.0-3.el6.x86_64
Installing sqlite-3.6.20-1.el6.x86_64
Installing libicu-4.2.1-9.el6.x86_64
Installing libsepol-2.0.41-4.el6.x86_64
Installing libselinux-2.0.94-5.2.el6.x86_64
Installing glib2-2.22.5-6.el6.x86_64
Installing gamin-0.1.10-9.el6.x86_64
Installing atk-1.28.0-2.el6.x86_64
Installing dbus-glib-0.86-5.el6.x86_64
Installing shadow-utils-4.1.4.2-13.el6.x86_64
Installing desktop-file-utils-0.15-9.el6.x86_64
Installing sed-4.2.1-7.el6.x86_64
Installing libgudev1-147-2.40.el6.x86_64
Installing libsigc++20-2.2.4.2-1.el6.x86_64
Installing speex-1.2-0.12.rc1.1.el6.x86_64
Installing elfutils-libelf-0.152-1.el6.x86_64
Installing libexif-0.6.16-4.1.el6.x86_64
Installing libvorbis-1.2.3-4.el6.x86_64
Installing libblkid-2.17.2-12.4.el6.x86_64
Installing libtiff-3.9.4-1.el6_0.3.x86_64
Installing libnl-1.1-14.el6.x86_64
Installing libtool-ltdl-2.2.6-15.5.el6.x86_64
Installing libasyncns-0.8-1.1.el6.x86_64
Installing xz-libs-4.999.9-0.3.beta.20091007git.el6.x86_64
Installing sigar-1.6.5-0.4.git58097d9.el6.x86_64
Installing glibmm24-2.22.1-1.el6.x86_64
Installing shared-mime-info-0.70-4.el6.x86_64
Installing findutils-4.4.2-6.el6.x86_64
Installing libtevent-0.9.8-8.el6.x86_64
Installing which-2.19-6.el6.x86_64
Installing libidn-1.18-2.el6.x86_64
Installing xmlrpc-c-1.16.24-1200.1840.el6_1.4.x86_64
Installing boost-program-options-1.41.0-11.el6_1.2.x86_64
Installing pixman-0.18.4-1.el6_0.1.x86_64
Installing keyutils-libs-1.4-3.el6.x86_64
Installing krb5-libs-1.9-22.el6.x86_64
Installing libcap-ng-0.6.4-3.el6_0.1.x86_64
Installing dbus-1.2.24-5.el6_1.x86_64
Installing hal-libs-0.5.14-11.el6.x86_64
Installing libXau-1.0.5-1.el6.x86_64
Installing libgpg-error-1.7-4.el6.x86_64
Installing libgcrypt-1.4.5-9.el6.x86_64
Installing libxslt-1.1.26-2.el6.x86_64
Installing libusb1-1.0.3-1.el6.x86_64
Installing bluez-libs-4.66-1.el6.x86_64
Installing redhat-menus-14.0.0-3.el6.noarch
Installing procps-3.2.8-21.el6.x86_64
Installing file-libs-5.04-11.el6.x86_64
Installing lcms-libs-1.19-1.el6.x86_64
Installing libxcb-1.5-1.el6.x86_64
Installing abrt-libs-2.0.4-14.el6.centos.x86_64
Installing psmisc-22.6-15.el6_0.1.x86_64
Installing libtheora-1.1.0-2.el6.x86_64
Installing bzip2-1.0.5-7.el6_0.x86_64
Installing apr-1.3.9-3.el6_1.2.x86_64
Installing cpio-2.10-9.el6.x86_64
Installing hunspell-1.2.8-16.el6.x86_64
Installing enchant-1.5.0-4.el6.x86_64
Installing boost-system-1.41.0-11.el6_1.2.x86_64
Installing boost-filesystem-1.41.0-11.el6_1.2.x86_64
Installing pciutils-libs-3.1.4-11.el6.x86_64
Installing libical-0.43-5.1.el6.x86_64
Installing libtasn1-2.3-3.el6.x86_64
Installing gnutls-2.8.5-4.el6.x86_64
Installing cups-libs-1.4.2-44.el6.x86_64
Installing plymouth-core-libs-0.8.3-24.el6.centos.x86_64
Installing libv4l-0.6.3-2.el6.x86_64
Installing apr-util-1.3.9-3.el6_0.1.x86_64
Installing libgssglue-0.1-11.el6.x86_64
Installing libtirpc-0.2.1-5.el6.x86_64
Installing libgtop2-2.28.0-3.el6.x86_64
Installing tar-1.23-3.el6.x86_64
Installing lua-5.1.4-4.1.el6.x86_64
Installing flac-1.2.1-6.1.el6.x86_64
Installing libatasmart-0.17-3.el6.x86_64
Installing xkeyboard-config-2.3-1.el6.noarch
Installing exempi-2.1.0-5.el6.x86_64
Installing jasper-libs-1.900.1-15.el6.x86_64
Installing iptables-1.4.7-4.el6.x86_64
Installing iproute-2.6.32-17.el6.x86_64
Installing e2fsprogs-libs-1.41.12-11.el6.x86_64
Installing binutils-2.20.51.0.2-5.28.el6.x86_64
Installing libunistring-0.9.3-4.el6.x86_64
Installing SDL-1.2.14-2.el6.x86_64
Installing sysvinit-tools-2.87-4.dsf.el6.x86_64
Installing gdbm-1.8.0-36.el6.x86_64
Installing perl-Pod-Escapes-1.04-119.el6_1.1.x86_64
Installing perl-libs-5.10.1-119.el6_1.1.x86_64
Installing perl-version-0.77-119.el6_1.1.x86_64
Installing perl-Module-Pluggable-3.90-119.el6_1.1.x86_64
Installing perl-Pod-Simple-3.13-119.el6_1.1.x86_64
Installing perl-5.10.1-119.el6_1.1.x86_64
Installing liboil-0.3.16-4.1.el6.x86_64
Installing libraw1394-2.0.4-1.el6.x86_64
Installing openjpeg-libs-1.3-7.el6.x86_64
Installing perl-Test-Harness-3.17-119.el6_1.1.x86_64
Installing perl-ExtUtils-MakeMaker-6.55-119.el6_1.1.x86_64
Installing perl-devel-5.10.1-119.el6_1.1.x86_64
Installing perl-ExtUtils-ParseXS-2.2003.0-119.el6_1.1.x86_64
Installing libipa_hbac-1.5.1-66.el6.x86_64
Installing plymouth-graphics-libs-0.8.3-24.el6.centos.x86_64
Installing xcb-util-0.3.6-1.el6.x86_64
Installing libmng-1.0.10-4.1.el6.x86_64
Installing pilot-link-0.12.4-6.el6.x86_64
Installing usbmuxd-1.0.2-1.el6.x86_64
Installing cyrus-sasl-gssapi-2.1.23-13.el6.x86_64
Installing samba4-libs-4.0.0-23.alpha11.el6.x86_64
Installing xz-4.999.9-0.3.beta.20091007git.el6.x86_64
Installing elfutils-libs-0.152-1.el6.x86_64
Installing libutempter-1.1.5-4.1.el6.x86_64
Installing libplist-1.2-1.el6.x86_64
Installing libIDL-0.8.13-2.1.el6.x86_64
Installing ORBit2-2.14.17-3.1.el6.x86_64
Installing libbonobo-2.24.2-4.el6.x86_64
Installing libao-0.8.8-7.1.el6.x86_64
Installing vim-minimal-7.2.411-1.6.el6.x86_64
Installing net-tools-1.60-109.el6.x86_64
Installing libselinux-utils-2.0.94-5.2.el6.x86_64
Installing checkpolicy-2.0.22-1.el6.x86_64
Installing boost-regex-1.41.0-11.el6_1.2.x86_64
Installing bc-1.06.95-1.el6.x86_64
Installing acl-2.2.49-6.el6.x86_64
Installing openobex-1.4-7.el6.x86_64
Installing pinentry-0.7.6-6.el6.x86_64
Installing libss-1.41.12-11.el6.x86_64
Installing e2fsprogs-1.41.12-11.el6.x86_64
Installing diffutils-2.8.1-28.el6.x86_64
Installing m4-1.4.13-5.el6.x86_64
Installing libfontenc-1.0.5-2.el6.x86_64
Installing libXfont-1.4.1-2.el6_1.x86_64
Installing xorg-x11-font-utils-7.2-11.el6.x86_64
Installing libtar-1.2.11-16.el6.x86_64
Installing gmp-4.3.1-7.el6.x86_64
Installing boost-date-time-1.41.0-11.el6_1.2.x86_64
Installing boost-thread-1.41.0-11.el6_1.2.x86_64
Installing cdparanoia-libs-10.2-5.1.el6.x86_64
Installing libedit-2.11-4.20080712cvs.1.el6.x86_64
Installing libXdmcp-1.0.3-1.el6.x86_64
Installing pth-2.0.7-9.3.el6.x86_64
Installing libiptcdata-1.0.4-2.1.el6.x86_64
Installing fuse-libs-2.8.3-4.el6.x86_64
Installing dmidecode-2.11-2.el6.x86_64
Installing anthy-9100h-10.1.el6.x86_64
Installing libcollection-0.6.0-6.el6.x86_64
Installing libpcap-1.0.0-6.20091201git117cb5.el6.x86_64
Installing libdaemon-0.14-1.el6.x86_64
Installing sg3_utils-libs-1.28-4.el6.x86_64
Installing lm_sensors-libs-3.1.1-10.el6.x86_64
Installing hyphen-2.4-5.1.el6.x86_64
Installing libieee1284-0.2.11-9.el6.x86_64
Installing hyphen-en-2.4-5.1.el6.noarch
Installing avahi-autoipd-0.6.25-11.el6.x86_64
Installing cdparanoia-10.2-5.1.el6.x86_64
Installing boost-wave-1.41.0-11.el6_1.2.x86_64
Installing obexd-0.19-2.el6.x86_64
Installing boost-graph-1.41.0-11.el6_1.2.x86_64
Installing cdrdao-1.2.3-4.el6.x86_64
Installing libimobiledevice-0.9.7-4.el6.x86_64
Installing elfutils-0.152-1.el6.x86_64
Installing xz-lzma-compat-4.999.9-0.3.beta.20091007git.el6.x86_64
Installing perl-Test-Simple-0.92-119.el6_1.1.x86_64
Installing libavc1394-0.5.3-9.1.el6.x86_64
Installing libiec61883-1.2.0-4.el6.x86_64
Installing perl-CGI-3.51-119.el6_1.1.x86_64
Installing crash-5.1.8-1.el6.x86_64
Installing iptables-ipv6-1.4.7-4.el6.x86_64
Installing hunspell-en-0.20090216-7.1.el6.noarch
Installing mod_dnssd-0.6-2.el6.x86_64
Installing libshout-2.2.2-5.1.el6.x86_64
Installing tmpwatch-2.9.16-4.el6.x86_64
Installing file-5.04-11.el6.x86_64
Installing keyutils-1.4-3.el6.x86_64
Installing gstreamer-tools-0.10.29-1.el6.x86_64
Installing gstreamer-0.10.29-1.el6.x86_64
Installing iw-0.9.17-4.el6.x86_64
Installing grubby-7.0.15-2.el6.x86_64
Installing ModemManager-0.4.0-3.git20100628.el6.x86_64
Installing polkit-desktop-policy-0.96-2.el6_0.1.noarch
Installing lockdev-1.0.1-18.el6.x86_64
Installing libgphoto2-2.4.7-4.el6.x86_64
Installing MAKEDEV-3.24-6.el6.x86_64
Installing eggdbus-0.6-3.el6.x86_64
Installing dbus-c++-0.5.0-0.10.20090203git13281b3.1.el6.x86_64
Installing meanwhile-1.1.0-3.el6.x86_64
Installing libcroco-0.6.2-5.el6.x86_64
Installing patch-2.6-6.el6.x86_64
Installing nss-softokn-3.12.9-11.el6.x86_64
Installing m17n-db-bengali-1.5.5-1.1.el6.noarch
Installing m17n-contrib-bengali-1.1.10-4.el6_1.1.noarch
Installing m17n-db-punjabi-1.5.5-1.1.el6.noarch
Installing m17n-contrib-punjabi-1.1.10-4.el6_1.1.noarch
Installing m17n-db-assamese-1.5.5-1.1.el6.noarch
Installing m17n-contrib-assamese-1.1.10-4.el6_1.1.noarch
Installing m17n-db-oriya-1.5.5-1.1.el6.noarch
Installing m17n-contrib-oriya-1.1.10-4.el6_1.1.noarch
Installing m17n-db-kannada-1.5.5-1.1.el6.noarch
Installing m17n-contrib-kannada-1.1.10-4.el6_1.1.noarch
Installing m17n-db-telugu-1.5.5-1.1.el6.noarch
Installing m17n-contrib-telugu-1.1.10-4.el6_1.1.noarch
Installing m17n-db-hindi-1.5.5-1.1.el6.noarch
Installing m17n-contrib-hindi-1.1.10-4.el6_1.1.noarch
Installing m17n-db-tamil-1.5.5-1.1.el6.noarch
Installing m17n-contrib-tamil-1.1.10-4.el6_1.1.noarch
Installing m17n-db-malayalam-1.5.5-1.1.el6.noarch
Installing m17n-contrib-malayalam-1.1.10-4.el6_1.1.noarch
Installing m17n-db-gujarati-1.5.5-1.1.el6.noarch
Installing m17n-contrib-gujarati-1.1.10-4.el6_1.1.noarch
Installing m17n-db-sinhala-1.5.5-1.1.el6.noarch
Installing m17n-contrib-sinhala-1.1.10-4.el6_1.1.noarch
Installing gnome-doc-utils-stylesheets-0.18.1-1.el6.noarch
Installing tcp_wrappers-7.6-57.el6.x86_64
Installing unzip-6.0-1.el6.x86_64
Installing boost-iostreams-1.41.0-11.el6_1.2.x86_64
Installing cyrus-sasl-plain-2.1.23-13.el6.x86_64
Installing db4-utils-4.7.25-16.el6.x86_64
Installing libopenraw-0.0.5-4.1.el6.x86_64
Installing ed-1.1-3.3.el6.x86_64
Installing time-1.7-37.1.el6.x86_64
Installing make-3.81-19.el6.x86_64
Installing libgomp-4.4.6-3.el6.x86_64
Installing libcdio-0.81-3.1.el6.x86_64
Installing mtools-4.0.12-1.el6.x86_64
Installing ttmkfdir-3.0.9-32.1.el6.x86_64
Installing taglib-1.6.1-1.1.el6.x86_64
Installing boost-serialization-1.41.0-11.el6_1.2.x86_64
Installing boost-test-1.41.0-11.el6_1.2.x86_64
Installing boost-signals-1.41.0-11.el6_1.2.x86_64
Installing libnih-1.0.1-7.el6.x86_64
Installing upstart-0.6.5-10.el6.x86_64
Installing dejavu-serif-fonts-2.30-2.el6.noarch
Installing dejavu-sans-mono-fonts-2.30-2.el6.noarch
Installing liberation-serif-fonts-1.05.1.20090721-4.el6.noarch
Installing liberation-sans-fonts-1.05.1.20090721-4.el6.noarch
Installing liberation-mono-fonts-1.05.1.20090721-4.el6.noarch
Installing dejavu-sans-fonts-2.30-2.el6.noarch
Installing portreserve-0.0.4-4.el6_1.1.x86_64
Installing kpathsea-2007-56.el6.x86_64
Installing pnm2ppa-1.04-19.el6.x86_64
Installing psutils-1.17-34.el6.x86_64
Installing vim-common-7.2.411-1.6.el6.x86_64
Installing openoffice.org-opensymbol-fonts-3.2.1-19.6.el6_0.5.noarch
Installing ncurses-5.7-3.20090208.el6.x86_64
Installing groff-1.18.1.4-21.el6.x86_64
Installing less-436-10.el6.x86_64
Installing coreutils-libs-8.4-16.el6.x86_64
Installing gzip-1.3.12-18.el6.x86_64
Installing cracklib-2.8.16-4.el6.x86_64
Installing cracklib-dicts-2.8.16-4.el6.x86_64
Installing coreutils-8.4-16.el6.x86_64
Installing pam-1.1.1-10.el6.x86_64
Installing fontconfig-2.8.0-3.el6.x86_64
Installing openssl-1.0.0-20.el6.x86_64
Installing alsa-lib-1.0.22-3.el6.x86_64
Installing libsndfile-1.0.20-5.el6.x86_64
Installing hicolor-icon-theme-0.11-1.1.el6.noarch
Installing module-init-tools-3.9-17.el6.x86_64
Installing hwdata-0.233-7.6.el6.noarch
Installing redhat-logos-60.0.14-10.el6.centos.noarch
Installing qt-4.6.2-20.el6.x86_64
Installing libpciaccess-0.12.1-1.el6.x86_64
Installing libsamplerate-0.1.7-2.1.el6.x86_64
Installing libarchive-2.8.3-2.el6.x86_64
Installing poppler-0.12.4-3.el6_0.1.x86_64
Installing xdg-utils-1.0.2-17.20091016cvs.el6.noarch
Installing plymouth-scripts-0.8.3-24.el6.centos.x86_64
Installing mysql-libs-5.1.52-1.el6_0.1.x86_64
Installing libssh2-1.2.2-7.el6_1.1.x86_64
Installing ConsoleKit-libs-0.4.1-3.el6.x86_64
Installing polkit-0.96-2.el6_0.1.x86_64
Installing ConsoleKit-0.4.1-3.el6.x86_64
Installing logrotate-3.7.8-12.el6_0.1.x86_64
Installing sound-theme-freedesktop-0.7-3.el6.noarch
Installing jpackage-utils-1.7.5-3.12.el6.noarch
Installing rpcbind-0.2.0-8.el6.x86_64
Installing sgml-common-0.6.3-32.el6.noarch
Installing genisoimage-1.1.9-11.el6.x86_64
Installing dvd+rw-tools-7.1-5.el6.x86_64
Installing docbook-dtds-1.0-51.el6.noarch
Installing ppp-2.4.5-5.el6.x86_64
Installing rtkit-0.5-1.el6.x86_64
Installing poppler-utils-0.12.4-3.el6_0.1.x86_64
Installing qt-sqlite-4.6.2-20.el6.x86_64
Installing pciutils-3.1.4-11.el6.x86_64
Installing alsa-utils-1.0.21-3.el6.x86_64
Installing wget-1.12-1.4.el6.x86_64
Installing wpa_supplicant-0.7.3-2.el6.x86_64
Installing bind-libs-9.7.3-8.P3.el6.x86_64
Installing bind-utils-9.7.3-8.P3.el6.x86_64
Installing fipscheck-lib-1.2.0-7.el6.x86_64
Installing fipscheck-1.2.0-7.el6.x86_64
Installing httpd-tools-2.2.15-15.el6.centos.x86_64
Installing cyrus-sasl-md5-2.1.23-13.el6.x86_64
Installing urw-fonts-2.4-10.el6.noarch
Installing ghostscript-fonts-5.50-23.1.el6.noarch
Installing at-3.1.10-43.el6.x86_64
Installing krb5-workstation-1.9-22.el6.x86_64
Installing pam_krb5-2.3.11-9.el6.x86_64
Installing sssd-client-1.5.1-66.el6.x86_64
Installing cvs-1.11.23-11.el6_0.1.x86_64
Installing nss-3.12.10-16.el6.x86_64
Installing nss-sysinit-3.12.10-16.el6.x86_64
Installing openldap-2.4.23-20.el6.x86_64
Installing GConf2-2.28.0-6.el6.x86_64
Installing libcurl-7.19.7-26.el6_1.2.x86_64
Installing matahari-lib-0.4.4-11.el6.x86_64
Installing xmlrpc-c-client-1.16.24-1200.1840.el6_1.4.x86_64
Installing curl-7.19.7-26.el6_1.2.x86_64
Installing rpm-libs-4.8.0-19.el6.x86_64
Installing rpm-4.8.0-19.el6.x86_64
Installing net-snmp-libs-5.5-37.el6.x86_64
Installing raptor-1.4.18-5.el6.x86_64
Installing libuser-0.56.13-4.el6_0.1.x86_64
Installing samba-winbind-clients-3.5.10-114.el6.x86_64
Installing libsmbclient-3.5.10-114.el6.x86_64
Installing NetworkManager-glib-0.8.1-15.el6.x86_64
Installing mailx-12.4-6.el6.x86_64
Installing passwd-0.77-4.el6.x86_64
Installing rasqal-0.9.15-6.1.el6.x86_64
Installing man-1.6f-29.el6.x86_64
Installing gnupg2-2.0.14-4.el6.x86_64
Installing gpgme-1.1.8-3.el6.x86_64
Installing gconfmm26-2.28.0-1.el6.x86_64
Installing libgsf-1.14.15-5.el6.x86_64
Installing ptlib-2.6.5-3.el6.x86_64
Installing libldb-0.9.10-23.el6.x86_64
Installing openchange-0.9-7.el6.x86_64
Installing opal-3.6.6-4.el6.x86_64
Installing libwpd-0.8.14-4.1.el6.x86_64
Installing vorbis-tools-1.2.0-7.el6.x86_64
Installing icedax-1.1.9-11.el6.x86_64
Installing apr-util-ldap-1.3.9-3.el6_0.1.x86_64
Installing postgresql-libs-8.4.9-1.el6_1.1.x86_64
Installing redland-1.0.7-11.el6.x86_64
Installing nss-tools-3.12.10-16.el6.x86_64
Installing wodim-1.1.9-11.el6.x86_64
Installing jline-0.9.94-0.8.el6.noarch
Installing rhino-1.7-0.7.r2.2.el6.noarch
Installing libaio-0.3.107-10.el6.x86_64
Installing dosfstools-3.0.9-4.el6.x86_64
Installing ethtool-2.6.33-0.3.el6.x86_64
Installing btparser-0.13-1.el6.x86_64
Installing hesiod-3.1.0-19.el6.x86_64
Installing libchewing-0.3.2-27.el6.x86_64
Installing libhangul-0.0.10-1.el6.x86_64
Installing m17n-lib-1.5.5-2.el6_1.1.x86_64
Installing mingetty-1.08-5.el6.x86_64
Installing libevent-1.4.13-1.el6.x86_64
Installing libthai-0.1.12-3.el6.x86_64
Installing paps-libs-0.6.8-13.el6.2.x86_64
Installing hdparm-9.16-3.4.el6.x86_64
Installing c2070-0.99-7.el6.x86_64
Installing pbm2l7k-990321-8.el6.x86_64
Installing lx-20030328-5.1.el6.x86_64
Installing min12xxw-0.0.9-5.1.el6.x86_64
Installing pbm2l2030-1.4-5.1.el6.x86_64
Installing cjet-0.8.9-9.1.el6.x86_64
Installing c2050-0.3b-3.1.el6.x86_64
Installing pax-3.4-10.1.el6.x86_64
Installing libdhash-0.4.2-6.el6.x86_64
Installing c-ares-1.7.0-5.el6.x86_64
Installing gpm-libs-1.20.6-12.el6.x86_64
Installing libburn-0.7.0-1.el6.x86_64
Installing libisofs-0.6.32-1.el6.x86_64
Installing sgpio-1.2.0.10-5.el6.x86_64
Installing dash-0.5.5.1-3.1.el6.x86_64
Installing libmpcdec-1.2.6-6.1.el6.x86_64
Installing gsm-1.0.13-4.el6.x86_64
Installing libvpx-0.9.0-8.el6_0.x86_64
Installing libvisual-0.4.0-9.1.el6.x86_64
Installing libdv-1.0.0-8.1.el6.x86_64
Installing wavpack-4.60-1.1.el6.x86_64
Installing libpath_utils-0.2.1-6.el6.x86_64
Installing libref_array-0.1.1-6.el6.x86_64
Installing libini_config-0.6.1-6.el6.x86_64
Installing libdiscid-0.2.2-4.1.el6.x86_64
Installing ustr-1.0.4-9.1.el6.x86_64
Installing libsemanage-2.0.43-4.1.el6.x86_64
Installing libmcpp-2.7.2-4.1.el6.x86_64
Installing mcpp-2.7.2-4.1.el6.x86_64
Installing slang-2.2.1-1.el6.x86_64
Installing newt-0.52.11-3.el6.x86_64
Installing lpsolve-5.5.0.15-2.el6.x86_64
Installing libtextcat-2.2-10.el6.x86_64
Installing libffi-3.0.5-3.2.el6.x86_64
Installing python-libs-2.6.6-29.el6.x86_64
Installing python-2.6.6-29.el6.x86_64
Installing dbus-python-0.83.0-6.1.el6.x86_64
Installing newt-python-0.52.11-3.el6.x86_64
Installing gnome-menus-2.28.0-4.el6.x86_64
Installing pygobject2-2.20.0-5.el6.x86_64
Installing rpm-python-4.8.0-19.el6.x86_64
Installing authconfig-6.1.12-5.el6.x86_64
Installing system-config-firewall-base-1.2.27-5.el6.noarch
Installing libuser-python-0.56.13-4.el6_0.1.x86_64
Installing python-ethtool-0.6-1.el6.x86_64
Installing libxml2-python-2.7.6-4.el6.x86_64
Installing system-config-printer-libs-1.1.16-22.el6.x86_64
Installing libselinux-python-2.0.94-5.2.el6.x86_64
Installing python-slip-0.2.11-1.el6.noarch
Installing pyorbit-2.24.0-5.el6.x86_64
Installing system-config-firewall-tui-1.2.27-5.el6.noarch
Installing python-ldap-2.3.10-1.el6.x86_64
Installing gettext-0.17-16.el6.x86_64
Installing pyxf86config-0.3.37-7.1.el6.x86_64
Installing gamin-python-0.1.10-9.el6.x86_64
Installing cracklib-python-2.8.16-4.el6.x86_64
Installing yum-metadata-parser-1.1.2-16.el6.x86_64
Installing python-iniparse-0.3.1-2.1.el6.noarch
Installing pygpgme-0.1-18.20090824bzr68.el6.x86_64
Installing pyxdg-0.18-1.el6.noarch
Installing python-kerberos-1.1-6.2.el6.x86_64
Installing python-nss-0.11-3.el6.x86_64
Installing python-lxml-2.2.3-1.1.el6.x86_64
Installing python-netaddr-0.7.5-4.el6.noarch
Installing pyOpenSSL-0.10-2.el6.x86_64
Installing libipa_hbac-python-1.5.1-66.el6.x86_64
Installing ipa-python-2.1.3-9.el6.x86_64
Installing libreport-plugin-rhtsupport-2.0.5-20.el6.x86_64
Installing libreport-python-2.0.5-20.el6.x86_64
Installing libreport-2.0.5-20.el6.x86_64
Installing libreport-plugin-reportuploader-2.0.5-20.el6.x86_64
Installing abrt-2.0.4-14.el6.centos.x86_64
Installing abrt-addon-ccpp-2.0.4-14.el6.centos.x86_64
Installing abrt-addon-python-2.0.4-14.el6.centos.x86_64
Installing libreport-plugin-mailx-2.0.5-20.el6.x86_64
Installing libreport-plugin-logger-2.0.5-20.el6.x86_64
Installing libreport-plugin-kerneloops-2.0.5-20.el6.x86_64
Installing abrt-addon-kerneloops-2.0.4-14.el6.centos.x86_64
Installing libreport-cli-2.0.5-20.el6.x86_64
Installing libreport-newt-2.0.5-20.el6.x86_64
Installing python-markupsafe-0.9.2-4.el6.x86_64
Installing python-beaker-1.3.1-6.el6.noarch
Installing python-mako-0.3.4-1.el6.noarch
Installing python-crypto-2.0.1-22.el6.x86_64
Installing python-paramiko-1.7.5-2.1.el6.noarch
Installing python-decorator-3.0.1-3.1.el6.noarch
Installing python-slip-dbus-0.2.11-1.el6.noarch
Installing python-pycurl-7.19.0-8.el6.x86_64
Installing python-urlgrabber-3.9.1-8.el6.noarch
Installing yum-plugin-fastestmirror-1.1.30-10.el6.noarch
Installing yum-3.2.29-22.el6.centos.noarch
Installing libproxy-bin-0.3.0-2.el6.x86_64
Installing libproxy-0.3.0-2.el6.x86_64
Installing libproxy-python-0.3.0-2.el6.x86_64
Installing gdb-7.2-50.el6.x86_64
Installing boost-python-1.41.0-11.el6_1.2.x86_64
Installing boost-1.41.0-11.el6_1.2.x86_64
Installing pakchois-0.4-3.2.el6.x86_64
Installing neon-0.29.3-1.2.el6.x86_64
Installing libmusicbrainz3-3.0.2-7.el6.x86_64
Installing smp_utils-0.94-4.el6.x86_64
Installing libX11-common-1.3-2.el6.noarch
Installing libX11-1.3-2.el6.x86_64
Installing libXext-1.1-3.el6.x86_64
Installing libXrender-0.9.5-1.el6.x86_64
Installing cairo-1.8.8-3.1.el6.x86_64
Installing libXrandr-1.3.0-4.el6.x86_64
Installing startup-notification-0.10-2.1.el6.x86_64
Installing libXi-1.3-3.el6.x86_64
Installing libXtst-1.0.99.2-3.el6.x86_64
Installing libXfixes-4.0.4-1.el6.x86_64
Installing pulseaudio-libs-0.9.21-13.el6.x86_64
Installing libcanberra-0.22-1.el6.centos.x86_64
Installing libXinerama-1.1-1.el6.x86_64
Installing libXt-1.0.7-1.el6.x86_64
Installing ibus-libs-1.3.4-6.el6.x86_64
Installing libXcursor-1.1.10-2.el6.x86_64
Installing libXv-1.0.5-1.el6.x86_64
Installing libXxf86vm-1.1.0-1.el6.x86_64
Installing libXdamage-1.1.2-1.el6.x86_64
Installing dbus-x11-1.2.24-5.el6_1.x86_64
Installing ghostscript-8.70-11.el6_1.2.x86_64
Installing libXcomposite-0.4.1-2.el6.x86_64
Installing cairomm-1.8.0-2.1.el6.x86_64
Installing libXft-2.1.13-4.1.el6.x86_64
Installing pango-1.28.1-3.el6_0.centos.5.x86_64
Installing gtk2-2.18.9-6.el6.centos.x86_64
Installing gnome-keyring-2.28.2-6.el6.x86_64
Installing libsoup-2.28.2-1.el6_1.1.x86_64
Installing gstreamer-plugins-base-0.10.29-1.el6.x86_64
Installing libglade2-2.6.4-3.1.el6.x86_64
Installing libgnomecanvas-2.26.0-4.el6.x86_64
Installing libcanberra-gtk2-0.22-1.el6.centos.x86_64
Installing unique-1.1.4-2.el6.x86_64
Installing gnome-icon-theme-2.28.0-2.el6.noarch
Installing librsvg2-2.26.0-5.el6_1.1.x86_64
/usr/bin/update-gdk-pixbuf-loaders: line 54: /etc/gtk-2.0/x86_64-unknown-linux-gnu/gdk-pixbuf.loaders: No such file or directory
Installing totem-pl-parser-2.28.3-1.el6.x86_64
Installing at-spi-1.28.1-2.el6.centos.x86_64
Installing gstreamer-plugins-good-0.10.23-1.el6.x86_64
Installing libgweather-2.28.0-4.el6.x86_64
Installing evolution-data-server-2.28.3-15.el6.x86_64
Installing gssdp-0.7.1-1.el6.x86_64
Installing gupnp-0.13.2-1.el6.x86_64
Installing gnome-bluetooth-libs-2.28.6-8.el6.x86_64
Installing pangomm-2.26.0-1.el6.x86_64
Installing gtkmm24-2.18.2-1.el6.x86_64
Installing libXmu-1.0.5-1.el6.x86_64
Installing libXScrnSaver-1.2.0-1.el6.x86_64
Installing libXxf86misc-1.0.2-1.el6.x86_64
Installing xorg-x11-server-utils-7.5-5.2.el6.x86_64
Installing gupnp-igd-0.1.3-3.1.el6.x86_64
Installing brasero-2.28.3-6.el6.x86_64
Installing brasero-libs-2.28.3-6.el6.x86_64
Installing gnome-keyring-pam-2.28.2-6.el6.x86_64
Installing libreport-gtk-2.0.5-20.el6.x86_64
Installing polkit-gnome-0.96-3.el6.x86_64
Installing nspluginwrapper-1.3.0-14.el6.x86_64
Installing poppler-glib-0.12.4-3.el6_0.1.x86_64
Installing gdm-libs-2.30.4-32.el6.x86_64
Installing gtksourceview2-2.8.2-4.el6.x86_64
Installing PackageKit-gtk-module-0.5.8-19.el6.centos.x86_64
Installing PackageKit-glib-0.5.8-19.el6.centos.x86_64
Installing PackageKit-yum-plugin-0.5.8-19.el6.centos.x86_64
Installing PackageKit-yum-0.5.8-19.el6.centos.x86_64
Installing PackageKit-0.5.8-19.el6.centos.x86_64
Installing obex-data-server-0.4.3-4.el6.x86_64
Installing gtkspell-2.0.16-1.el6.x86_64
Installing libgxim-0.3.3-3.1.el6.x86_64
Installing imsettings-libs-0.108.0-3.5.el6.x86_64
Installing libspectre-0.2.4-1.el6.x86_64
Installing evince-libs-2.28.2-14.el6_0.1.x86_64
Installing libXvMC-1.0.4-8.1.el6.x86_64
Installing pulseaudio-libs-glib2-0.9.21-13.el6.x86_64
Installing festival-speechtools-libs-1.2.96-18.el6.x86_64
Installing pycairo-1.8.6-2.1.el6.x86_64
Installing pygtk2-2.16.0-3.el6.x86_64
Installing pygtk2-libglade-2.16.0-3.el6.x86_64
Installing gnome-python2-2.28.0-3.el6.x86_64
Installing gnome-python2-gconf-2.28.0-3.el6.x86_64
Installing gnome-python2-canvas-2.28.0-3.el6.x86_64
Installing gnome-python2-desktop-2.28.0-4.el6.x86_64
Installing libxkbfile-1.0.6-1.1.el6.x86_64
Installing libxklavier-4.0-7.el6.x86_64
Installing libgnomekbd-2.28.2-2.el6.x86_64
Installing xorg-x11-xkb-utils-7.4-6.el6.x86_64
Installing xorg-x11-server-common-1.10.4-6.el6.x86_64
Installing gnome-python2-gnomekeyring-2.28.0-4.el6.x86_64
Installing gnome-python2-extras-2.25.3-20.el6.x86_64
Installing gstreamer-python-0.10.16-1.1.el6.x86_64
Installing python-slip-gtk-0.2.11-1.el6.noarch
Installing festival-lib-1.96-18.el6.x86_64
Installing festvox-slt-arctic-hts-0.20061229-18.el6.noarch
Installing festival-1.96-18.el6.x86_64
Installing gnome-speech-0.4.25-3.1.el6.x86_64
Installing gnome-media-2.29.91-6.el6.x86_64
Installing gnome-media-libs-2.29.91-6.el6.x86_64
Installing PackageKit-device-rebind-0.5.8-19.el6.centos.x86_64
Installing pygtksourceview-2.8.0-1.el6.x86_64
Installing libnice-0.0.9-3.el6.x86_64
Installing farsight2-0.0.16-1.1.el6.x86_64
Installing xorg-x11-xauth-1.0.2-7.1.el6.x86_64
Installing gnome-mag-0.15.9-2.el6.x86_64
Installing gstreamer-plugins-bad-free-0.10.19-2.el6.x86_64
Installing gtkhtml3-3.28.3-3.el6.x86_64
Installing iok-1.3.10-3.el6.x86_64
Installing geoclue-0.11.1.1-0.13.20091026git73b6729.el6.x86_64
Installing webkitgtk-1.2.6-2.el6_0.x86_64
Installing pywebkitgtk-1.1.6-3.el6.x86_64
Installing gutenprint-5.2.5-2.el6.x86_64
Installing GConf2-gtk-2.28.0-6.el6.x86_64
Installing gtk2-engines-2.18.4-5.el6.centos.x86_64
Installing gnome-themes-2.28.1-6.el6.noarch
Installing system-icon-theme-6.0.0-2.el6.noarch
Installing system-gnome-theme-60.0.2-1.el6.noarch
Installing gnome-utils-libs-2.28.1-10.el6.x86_64
Installing libopenraw-gnome-0.0.5-4.1.el6.x86_64
Installing kasumi-2.5-1.1.el6.x86_64
Installing pinentry-gtk-0.7.6-6.el6.x86_64
Installing libfprint-0.1.0-19.pre2.el6.x86_64
Installing fprintd-0.1-19.git04fd09cfa.el6.x86_64
Installing fprintd-pam-0.1-19.git04fd09cfa.el6.x86_64
Installing plymouth-plugin-label-0.8.3-24.el6.centos.x86_64
Installing plymouth-plugin-two-step-0.8.3-24.el6.centos.x86_64
Installing plymouth-theme-rings-0.8.3-24.el6.centos.noarch
Installing qt3-3.3.8b-30.el6.x86_64
Installing pulseaudio-utils-0.9.21-13.el6.x86_64
Installing libdmx-1.1.0-1.el6.x86_64
Installing libXxf86dga-1.1.1-1.el6.x86_64
Installing libXres-1.0.4-1.el6.x86_64
Installing libwnck-2.28.0-3.el6.x86_64
Installing notification-daemon-0.5.0-1.el6.x86_64
Installing libnotify-0.5.0-1.el6.x86_64
Installing notify-python-0.1.1-10.el6.x86_64
Installing abrt-gui-2.0.4-14.el6.centos.x86_64
Installing gnome-python2-libwnck-2.28.0-4.el6.x86_64
Installing giflib-4.1.6-3.1.el6.x86_64
Installing ConsoleKit-x11-0.4.1-3.el6.x86_64
Installing xorg-x11-xinit-1.0.9-13.el6.x86_64
Installing xdg-user-dirs-0.12-4.el6.x86_64
Installing imsettings-0.108.0-3.5.el6.x86_64
Installing busybox-1.15.1-11.el6.x86_64
Installing kbd-misc-1.15-11.el6.noarch
Installing tzdata-java-2011l-4.el6.noarch
Installing java-1.6.0-openjdk-1.6.0.0-1.41.1.10.4.el6.x86_64
Installing openoffice.org-ure-3.2.1-19.6.el6_0.5.x86_64
Installing openoffice.org-core-3.2.1-19.6.el6_0.5.x86_64
Installing openoffice.org-brand-3.2.1-19.6.el6_0.5.x86_64
Installing openoffice.org-impress-core-3.2.1-19.6.el6_0.5.x86_64
Installing openoffice.org-presenter-screen-3.2.1-19.6.el6_0.5.x86_64
Installing openoffice.org-graphicfilter-3.2.1-19.6.el6_0.5.x86_64
Installing openoffice.org-draw-core-3.2.1-19.6.el6_0.5.x86_64
Installing openoffice.org-pdfimport-3.2.1-19.6.el6_0.5.x86_64
Installing openoffice.org-calc-core-3.2.1-19.6.el6_0.5.x86_64
Installing openoffice.org-math-core-3.2.1-19.6.el6_0.5.x86_64
Installing openoffice.org-writer-core-3.2.1-19.6.el6_0.5.x86_64
Installing centos-release-6-2.el6.centos.7.x86_64
Installing iputils-20071127-16.el6.x86_64
Installing util-linux-ng-2.17.2-12.4.el6.x86_64
Installing initscripts-9.03.27-1.el6.centos.x86_64
Installing udev-147-2.40.el6.x86_64
Installing qpid-cpp-client-0.12-6.el6.x86_64
Installing qpid-qmf-0.12-6.el6.x86_64
Installing cups-1.4.2-44.el6.x86_64
Installing usermode-1.102-3.el6.x86_64
Installing usermode-gtk-1.102-3.el6.x86_64
Installing device-mapper-libs-1.02.66-6.el6.x86_64
Installing device-mapper-1.02.66-6.el6.x86_64
Installing device-mapper-event-libs-1.02.66-6.el6.x86_64
Installing openssh-5.3p1-70.el6.x86_64
Installing device-mapper-event-1.02.66-6.el6.x86_64
Installing kpartx-0.4.9-46.el6.x86_64
Installing qpid-cpp-client-ssl-0.12-6.el6.x86_64
Installing matahari-agent-lib-0.4.4-11.el6.x86_64
Installing mdadm-3.2.2-9.el6.x86_64
Installing kbd-1.15-11.el6.x86_64
Installing policycoreutils-2.0.83-19.18.el6.x86_64
Installing cyrus-sasl-2.1.23-13.el6.x86_64
Installing postfix-2.6.6-2.2.el6_1.x86_64
Installing qpid-cpp-server-0.12-6.el6.x86_64
Installing rarian-0.8.1-5.1.el6.x86_64
Installing rarian-compat-0.8.1-5.1.el6.x86_64
Installing zenity-2.28.0-1.el6.x86_64
Installing metacity-2.28.0-20.el6.x86_64
Installing gucharmap-2.28.2-2.el6.x86_64
Installing gnome-user-docs-2.28.0-4.el6.noarch
Installing qpid-cpp-server-ssl-0.12-6.el6.x86_64
Installing matahari-broker-0.4.4-11.el6.x86_64
Installing selinux-policy-3.7.19-126.el6.noarch
Installing matahari-host-0.4.4-11.el6.x86_64
Installing matahari-service-0.4.4-11.el6.x86_64
Installing matahari-sysconfig-0.4.4-11.el6.x86_64
Installing matahari-network-0.4.4-11.el6.x86_64
Installing dmraid-events-1.0.0.rc16-10.el6.x86_64
Installing dmraid-1.0.0.rc16-10.el6.x86_64
Installing lvm2-libs-2.02.87-6.el6.x86_64
Installing openssh-clients-5.3p1-70.el6.x86_64
Installing python-meh-0.11-3.el6.noarch
Installing parted-2.1-17.el6.x86_64
Installing udisks-1.0.1-4.el6.x86_64
Installing gnome-disk-utility-libs-2.30.1-2.el6.x86_64
Installing cryptsetup-luks-libs-1.2.0-6.el6.x86_64
Installing cryptsetup-luks-1.2.0-6.el6.x86_64
Installing pm-utils-1.2.5-9.el6.x86_64
Installing hal-info-20090716-3.1.el6.noarch
Installing hal-0.5.14-11.el6.x86_64
Installing DeviceKit-power-014-3.el6.x86_64
Installing libmtp-1.0.1-2.el6.x86_64
Installing libgpod-0.7.2-6.el6.x86_64
Installing system-setup-keyboard-0.7-4.el6.x86_64
Installing authconfig-gtk-6.1.12-5.el6.x86_64
Installing setuptool-1.19.9-3.el6.x86_64
Installing foomatic-db-ppds-4.0-7.20091126.el6.noarch
Installing foomatic-db-4.0-7.20091126.el6.noarch
Installing foomatic-4.0.4-1.el6_1.1.x86_64
Installing redhat-lsb-printing-4.0-3.el6.centos.x86_64
Installing ptouch-driver-1.3-2.1.el6.x86_64
Installing media-player-info-6-1.el6.noarch
Installing crda-1.1.1_2010.11.22-1.el6.x86_64
Installing wireless-tools-29-5.1.1.el6.x86_64
Installing python-iwlib-0.1-1.2.el6.x86_64
Installing hplip-common-3.10.9-3.el6.x86_64
Installing sane-backends-libs-gphoto2-1.0.21-3.el6.x86_64
Installing sane-backends-1.0.21-3.el6.x86_64
Installing sane-backends-libs-1.0.21-3.el6.x86_64
Installing hplip-libs-3.10.9-3.el6.x86_64
Installing ntpdate-4.2.4p8-2.el6.centos.x86_64
Installing ntp-4.2.4p8-2.el6.centos.x86_64
Installing rsyslog-4.6.2-12.el6.x86_64
Installing crontabs-1.10-33.el6.noarch
Installing cronie-anacron-1.4.4-7.el6.x86_64
Installing cronie-1.4.4-7.el6.x86_64
Installing yp-tools-2.9-12.el6.x86_64
Installing ypbind-1.20.4-29.el6.x86_64
Installing sssd-1.5.1-66.el6.x86_64
Installing dnsmasq-2.48-5.el6.x86_64
Installing vte-0.25.1-7.el6.x86_64
Installing httpd-2.2.15-15.el6.centos.x86_64
Installing net-snmp-5.5-37.el6.x86_64
Installing certmonger-0.50-3.el6.x86_64
Installing oddjob-0.30-5.el6.x86_64
Installing samba-common-3.5.10-114.el6.x86_64
Installing avahi-0.6.25-11.el6.x86_64
Installing avahi-glib-0.6.25-11.el6.x86_64
Installing gnome-vfs2-2.24.2-6.el6.x86_64
Installing libgnome-2.28.0-11.el6.x86_64
Installing libbonoboui-2.24.2-3.el6.x86_64
Installing libgnomeui-2.24.1-4.el6.x86_64
Installing gnome-panel-libs-2.30.2-14.el6.x86_64
Installing gvfs-1.4.3-12.el6.x86_64
Installing gnome-python2-bonobo-2.28.0-3.el6.x86_64
Installing xulrunner-1.9.2.24-2.el6.centos.1.x86_64
Installing yelp-2.28.1-8.el6.x86_64
Installing gnome-python2-gnomevfs-2.28.0-3.el6.x86_64
Installing gnome-python2-gnome-2.28.0-3.el6.x86_64
Installing gnome-desktop-2.28.2-8.el6.centos.x86_64
Installing gnome-settings-daemon-2.28.2-11.el6.x86_64
Installing avahi-ui-0.6.25-11.el6.x86_64
Installing gnome-disk-utility-ui-libs-2.30.1-2.el6.x86_64
Installing nautilus-extensions-2.28.4-18.el6.x86_64
Installing nautilus-2.28.4-18.el6.x86_64
Installing gnome-python2-libegg-2.25.3-20.el6.x86_64
Installing gnome-python2-applet-2.28.0-4.el6.x86_64
Installing system-config-services-0.99.45-1.el6.3.noarch
Installing system-config-services-docs-1.1.8-1.el6.noarch
Installing system-config-users-1.2.106-5.el6.noarch
Installing system-config-users-docs-1.0.8-1.el6.noarch
Installing system-config-date-1.9.60-1.el6.centos.noarch
Installing system-config-date-docs-1.0.9-1.el6.noarch
Installing system-config-keyboard-1.3.1-3.el6.x86_64
Installing firstboot-1.110.11-1.el6.x86_64
Installing at-spi-python-1.28.1-2.el6.centos.x86_64
Installing gvfs-obexftp-1.4.3-12.el6.x86_64
Installing libgail-gnome-1.20.1-4.1.el6.centos.x86_64
Installing control-center-2.28.1-25.el6.x86_64
Installing gnome-session-2.28.0-18.el6.x86_64
Installing gnome-session-xsession-2.28.0-18.el6.x86_64
Installing gnome-panel-2.30.2-14.el6.x86_64
Installing gnome-pilot-2.0.17-9.el6.x86_64
Installing evolution-2.28.3-24.el6.x86_64
Installing libpanelappletmm-2.26.0-3.el6.x86_64
Installing im-chooser-1.3.1-3.el6.x86_64
Installing ibus-gtk-1.3.4-6.el6.x86_64
Installing ibus-1.3.4-6.el6.x86_64
Installing ibus-table-1.2.0.20100111-4.el6.noarch
Installing gnome-terminal-2.31.3-7.el6.x86_64
Installing libpurple-2.7.9-3.el6.x86_64
Installing nfs-utils-lib-1.1.5-4.el6.x86_64
Installing nfs-utils-1.2.3-15.el6.x86_64
Installing redhat-bookmarks-6-1.el6.centos.noarch
Installing dhcp-common-4.1.1-25.P1.el6.x86_64
Installing dhclient-4.1.1-25.P1.el6.x86_64
Installing cjkuni-fonts-common-0.2.20080216.1-35.el6.noarch
Installing mobile-broadband-provider-info-1.20100122-1.el6.noarch
Installing NetworkManager-0.8.1-15.el6.x86_64
Installing kernel-firmware-2.6.32-220.el6.noarch
Installing libdrm-2.4.25-2.el6.x86_64
Installing plymouth-0.8.3-24.el6.centos.x86_64
Installing dracut-004-256.el6.noarch
Installing dracut-kernel-004-256.el6.noarch
Installing kernel-2.6.32-220.el6.x86_64
Installing xorg-x11-drv-void-1.4.0-1.el6.x86_64
Installing xorg-x11-drv-evdev-2.6.0-2.el6.x86_64
Installing xorg-x11-drv-vesa-2.3.0-2.el6.x86_64
Installing xorg-x11-server-Xorg-1.10.4-6.el6.x86_64
Installing pulseaudio-0.9.21-13.el6.x86_64
Installing xorg-x11-drv-wacom-0.10.5-14.el6.x86_64
Installing pulseaudio-module-bluetooth-0.9.21-13.el6.x86_64
Installing bluez-4.66-1.el6.x86_64
Installing gnome-bluetooth-2.28.6-8.el6.x86_64
Installing xorg-x11-drv-r128-6.8.1-3.el6.x86_64
Installing xorg-x11-drv-synaptics-1.4.1-3.el6.x86_64
Installing xorg-x11-drv-voodoo-1.2.4-1.el6.x86_64
Installing xorg-x11-drv-intel-2.16.0-1.el6.x86_64
Installing xorg-x11-drv-openchrome-0.2.904-4.el6.x86_64
Installing xorg-x11-drv-mga-1.4.13-3.el6.x86_64
Installing xorg-x11-drv-tdfx-1.4.3-2.el6.x86_64
Installing xorg-x11-drv-acecad-1.5.0-3.el6.x86_64
Installing xorg-x11-drv-cirrus-1.3.2-2.el6.x86_64
Installing xorg-x11-drv-qxl-0.0.14-10.el6.x86_64
Installing xorg-x11-drv-sis-0.10.3-1.el6.x86_64
Installing xorg-x11-drv-siliconmotion-1.7.5-1.el6.x86_64
Installing xorg-x11-drv-sisusb-0.9.4-1.el6.x86_64
Installing xorg-x11-drv-apm-1.2.3-2.el6.x86_64
Installing xorg-x11-drv-trident-1.3.4-1.el6.x86_64
Installing xorg-x11-drv-dummy-0.3.4-1.el6.x86_64
Installing xorg-x11-drv-nv-2.1.18-2.el6.x86_64
Installing xorg-x11-drv-aiptek-1.4.1-2.el6.x86_64
Installing xorg-x11-drv-v4l-0.2.0-4.el6.x86_64
Installing xorg-x11-drv-s3virge-1.10.4-2.el6.x86_64
Installing xorg-x11-drv-glint-1.2.5-1.el6.x86_64
Installing xorg-x11-drv-xgi-1.6.0-11.el6.x86_64
Installing xorg-x11-drv-mutouch-1.3.0-2.el6.x86_64
Installing xorg-x11-drv-penmount-1.5.0-2.el6.x86_64
Installing xorg-x11-drv-hyperpen-1.4.1-2.el6.x86_64
Installing xorg-x11-drv-elographics-1.3.0-2.el6.x86_64
Installing xorg-x11-drv-nouveau-0.0.16-13.20110719gitde9d1ba.el6.x86_64
Installing xorg-x11-drv-rendition-4.2.4-1.el6.x86_64
Installing xorg-x11-drv-vmware-11.0.3-1.el6.x86_64
Installing xorg-x11-drv-fbdev-0.4.2-2.el6.x86_64
Installing xorg-x11-drv-ati-6.14.2-7.el6.x86_64
Installing xorg-x11-drv-ast-0.91.10-1.el6.x86_64
Installing xorg-x11-drv-i128-1.3.4-1.el6.x86_64
Installing xorg-x11-drv-mouse-1.7.0-4.el6.x86_64
Installing xorg-x11-drv-mach64-6.9.0-1.el6.x86_64
Installing xorg-x11-drv-i740-1.3.2-2.el6.x86_64
Installing xorg-x11-drv-fpit-1.4.0-2.el6.x86_64
Installing xorg-x11-drv-keyboard-1.6.0-1.el6.x86_64
Installing xorg-x11-drv-vmmouse-12.7.0-1.el6.x86_64
Installing xorg-x11-drv-savage-2.3.2-1.el6.x86_64
Installing fuse-2.8.3-4.el6.x86_64
Installing gvfs-fuse-1.4.3-12.el6.x86_64
Installing totem-2.28.6-2.el6.x86_64
Installing kexec-tools-2.0.0-209.el6.x86_64
Installing plymouth-utils-0.8.3-24.el6.centos.x86_64
Installing plymouth-gdm-hooks-0.8.3-24.el6.centos.x86_64
Installing gdm-2.30.4-32.el6.x86_64
Installing pulseaudio-gdm-hooks-0.9.21-13.el6.x86_64
Installing mesa-dri-drivers-7.11-3.el6.x86_64
Installing mesa-libGL-7.11-3.el6.x86_64
Installing mesa-libGLU-7.11-3.el6.x86_64
Installing qt-x11-4.6.2-20.el6.x86_64
Installing phonon-backend-gstreamer-4.6.2-20.el6.x86_64
Installing redhat-lsb-graphics-4.0-3.el6.centos.x86_64
Installing glx-utils-7.11-3.el6.x86_64
Installing compiz-0.8.2-24.el6.x86_64
Installing desktop-effects-0.8.4-7.el6.x86_64
Installing centos-indexhtml-6-1.el6.centos.noarch
Installing firefox-3.6.24-3.el6.centos.x86_64
Installing compiz-gnome-0.8.2-24.el6.x86_64
Installing redhat-lsb-4.0-3.el6.centos.x86_64
Installing ibus-qt-1.3.0-2.el6.x86_64
Installing gdm-user-switch-applet-2.30.4-32.el6.x86_64
Installing gdm-plugin-fingerprint-2.30.4-32.el6.x86_64
Installing system-config-kdump-2.0.2.2-2.el6.noarch
Installing totem-nautilus-2.28.6-2.el6.x86_64
Installing xorg-x11-drivers-7.3-13.3.el6.x86_64
Installing wacomexpresskeys-0.4.2-3.el6.x86_64
Installing alsa-plugins-pulseaudio-1.0.21-3.el6.x86_64
Installing pulseaudio-module-x11-0.9.21-13.el6.x86_64
Installing pulseaudio-module-gconf-0.9.21-13.el6.x86_64
Installing systemtap-runtime-1.6-4.el6.x86_64
Installing pcmciautils-015-4.2.el6.x86_64
Installing autofs-5.0.5-39.el6.x86_64
Installing NetworkManager-gnome-0.8.1-15.el6.x86_64
Installing cjkuni-uming-fonts-0.2.20080216.1-35.el6.noarch
Installing pidgin-2.7.9-3.el6.x86_64
Installing nautilus-open-terminal-0.17-4.el6.x86_64
Installing ibus-table-additional-1.2.0.20100111-4.el6.noarch
Installing ibus-sayura-1.2.99.20100209-3.el6.x86_64
Installing ibus-pinyin-1.3.8-1.el6.x86_64
Installing ibus-m17n-1.3.0-2.el6.x86_64
Installing ibus-chewing-1.3.5.20100714-4.el6.x86_64
Installing ibus-hangul-1.3.0.20100329-4.el6.x86_64
Installing ibus-rawcode-1.3.0.20100421-2.el6.x86_64
Installing ibus-anthy-1.2.1-3.el6.x86_64
Installing gnote-0.6.3-3.el6.x86_64
Installing evolution-help-2.28.3-24.el6.noarch
Installing evolution-mapi-0.28.3-7.el6.x86_64
Installing gnome-applets-2.28.0-7.el6.centos.x86_64
Installing control-center-extra-2.28.1-25.el6.x86_64
Installing orca-2.28.2-1.el6.x86_64
Installing gnome-disk-utility-2.30.1-2.el6.x86_64
Installing evince-2.28.2-14.el6_0.1.x86_64
Installing nautilus-sendto-2.28.2-3.el6.x86_64
Installing gnome-user-share-2.28.2-3.el6.x86_64
Installing file-roller-2.28.2-6.el6.x86_64
Installing brasero-nautilus-2.28.3-6.el6.x86_64
Installing gnome-screensaver-2.28.3-18.el6.x86_64
Installing eog-2.28.2-4.el6.x86_64
Installing cheese-2.28.1-7.el6.x86_64
Installing rhythmbox-0.12.8-1.el6.x86_64
Installing gvfs-smb-1.4.3-12.el6.x86_64
Installing gvfs-archive-1.4.3-12.el6.x86_64
Installing gvfs-afc-1.4.3-12.el6.x86_64
Installing gvfs-gphoto2-1.4.3-12.el6.x86_64
Installing gnome-power-manager-2.28.3-5.el6.x86_64
Installing mousetweaks-2.28.2-1.el6.x86_64
Installing gnome-utils-2.28.1-10.el6.x86_64
Installing gthumb-2.10.11-8.el6.x86_64
Installing gnome-vfs2-smb-2.24.2-6.el6.x86_64
Installing vino-2.28.1-3.el6.x86_64
Installing seahorse-2.28.1-4.el6.x86_64
Installing ekiga-3.2.6-3.el6.x86_64
Installing samba-client-3.5.10-114.el6.x86_64
Installing oddjob-mkhomedir-0.30-5.el6.x86_64
Installing ipa-client-2.1.3-9.el6.x86_64
Installing hpijs-3.10.9-3.el6.x86_64
Installing sysstat-9.0.4-18.el6.x86_64
Installing system-config-network-tui-1.6.0.el6.2-1.el6.noarch
Installing printer-filters-1.1-4.1.el6.noarch
Installing gnome-packagekit-2.28.3-3.el6.x86_64
Installing lvm2-2.02.87-6.el6.x86_64
Installing matahari-0.4.4-11.el6.x86_64
Installing selinux-policy-targeted-3.7.19-126.el6.noarch
Installing gedit-2.28.4-3.el6.x86_64
Installing gok-2.28.1-5.el6.x86_64
Installing gnome-system-monitor-2.28.0-9.el6.x86_64
Installing gcalctool-5.28.2-3.el6.x86_64
Installing sound-juicer-2.28.1-6.el6.x86_64
Installing openssh-server-5.3p1-70.el6.x86_64
Installing openssh-askpass-5.3p1-70.el6.x86_64
Installing gutenprint-cups-5.2.5-2.el6.x86_64
Installing biosdevname-0.3.11-1.el6.x86_64
Installing iwl6000g2b-firmware-17.168.5.2-1.el6.noarch
Installing bfa-firmware-3.0.0.0-1.el6.noarch
Installing iwl5150-firmware-8.24.2.2-1.el6.noarch
Installing iwl100-firmware-39.31.5.1-1.el6.noarch
Installing iwl6050-firmware-41.28.5.1-2.el6.noarch
Installing b43-openfwwf-5.2-4.el6.noarch
Installing iwl6000g2a-firmware-17.168.5.3-1.el6.noarch
Installing aic94xx-firmware-30-2.el6.noarch
Installing iwl6000-firmware-9.221.4.1-1.el6.noarch
Installing iwl1000-firmware-39.31.5.1-1.el6.noarch
Installing quota-3.17-16.el6.x86_64
Installing acpid-1.0.10-2.1.el6.x86_64
Installing rng-tools-2-10.el6.x86_64
Installing readahead-1.5.6-1.el6.x86_64
Installing microcode_ctl-1.17-9.el6.x86_64
Installing cpuspeed-1.5-15.el6.x86_64
Installing smartmontools-5.39.1-5.el6.x86_64
Installing spice-vdagent-0.8.1-3.el6.x86_64
Installing virt-what-1.11-1.1.el6.x86_64
Installing prelink-0.4.6-3.el6.x86_64
Installing openoffice.org-writer-3.2.1-19.6.el6_0.5.x86_64
Installing openoffice.org-math-3.2.1-19.6.el6_0.5.x86_64
Installing openoffice.org-calc-3.2.1-19.6.el6_0.5.x86_64
Installing openoffice.org-draw-3.2.1-19.6.el6_0.5.x86_64
Installing openoffice.org-impress-3.2.1-19.6.el6_0.5.x86_64
Installing openoffice.org-xsltfilter-3.2.1-19.6.el6_0.5.x86_64
Installing openoffice.org-langpack-en-3.2.1-19.6.el6_0.5.x86_64
Installing xdg-user-dirs-gtk-0.8-7.el6.x86_64
Installing abrt-desktop-2.0.4-14.el6.centos.x86_64
Installing system-config-printer-1.1.16-22.el6.x86_64
Installing xorg-x11-utils-7.4-8.el6.x86_64
Installing plymouth-system-theme-0.8.3-24.el6.centos.noarch
Installing system-config-firewall-1.2.27-5.el6.noarch
Installing evince-dvi-2.28.2-14.el6_0.1.x86_64
Installing PackageKit-gstreamer-plugin-0.5.8-19.el6.centos.x86_64
Installing totem-mozplugin-2.28.6-2.el6.x86_64
Installing gtk2-immodule-xim-2.18.9-6.el6.centos.x86_64
Installing paps-0.6.8-13.el6.2.x86_64
Installing xvattr-1.3-18.el6.x86_64
Installing yum-plugin-security-1.1.30-10.el6.noarch
Installing yum-utils-1.1.30-10.el6.noarch
Installing cas-0.15-1.el6.1.noarch
Installing abrt-cli-2.0.4-14.el6.centos.x86_64
Installing system-config-printer-udev-1.1.16-22.el6.x86_64
Installing sos-2.2-17.el6.noarch
Installing blktrace-1.0.1-6.el6.x86_64
Installing grub-0.97-75.el6.x86_64
Installing cups-pk-helper-0.0.4-12.el6.x86_64
Installing vim-enhanced-7.2.411-1.6.el6.x86_64
Installing ntsysv-1.3.47-1.el6.x86_64
Installing man-pages-overrides-6.2.3-2.el6.noarch
Installing sudo-1.7.4p5-7.el6.x86_64
Installing pinfo-0.6.9-12.el6.x86_64
Installing usbutils-003-4.el6.x86_64
Installing tcpdump-4.0.0-3.20090921gitdf3cb4.1.el6.x86_64
Installing xorg-x11-fonts-Type1-7.2-9.1.el6.noarch
Installing xorg-x11-fonts-misc-7.2-9.1.el6.noarch
Installing pam_passwdqc-1.0.5-6.el6.x86_64
Installing psacct-6.3.2-63.el6.x86_64
Installing tcsh-6.17-14.el6.x86_64
Installing audit-2.1.3-3.el6.x86_64
Installing cifs-utils-4.8.1-5.el6.x86_64
Installing xorg-x11-fonts-100dpi-7.2-9.1.el6.noarch
Installing xorg-x11-fonts-ISO8859-1-100dpi-7.2-9.1.el6.noarch
Installing valgrind-3.6.0-4.el6.x86_64
Installing enscript-1.6.4-15.el6.x86_64
Installing efibootmgr-0.5.4-9.el6.x86_64
Installing irqbalance-0.55-29.el6.x86_64
Installing ltrace-0.5-16.45svn.1.el6.x86_64
Installing mlocate-0.22.2-3.el6.x86_64
Installing lsof-4.82-2.el6.x86_64
Installing m17n-contrib-maithili-1.1.10-4.el6_1.1.noarch
Installing m17n-contrib-marathi-1.1.10-4.el6_1.1.noarch
Installing m17n-contrib-urdu-1.1.10-4.el6_1.1.noarch
Installing rsync-3.0.6-5.el6_0.1.x86_64
Installing nano-2.0.9-7.el6.x86_64
Installing attr-2.4.44-7.el6.x86_64
Installing nfs4-acl-tools-0.3.3-5.el6.x86_64
Installing jomolhari-fonts-0.003-8.1.el6.noarch
Installing wqy-zenhei-fonts-0.9.45-3.el6.noarch
Installing lohit-assamese-fonts-2.4.3-5.el6.noarch
Installing lohit-bengali-fonts-2.4.3-6.el6.noarch
Installing lklug-fonts-0.6-4.20090803cvs.el6.noarch
Installing thai-scalable-waree-fonts-0.4.12-2.1.el6.noarch
Installing abyssinica-fonts-1.0-5.1.el6.noarch
Installing lohit-kannada-fonts-2.4.5-5.el6.noarch
Installing khmeros-base-fonts-5.0-9.el6.noarch
Installing paktype-tehreer-fonts-2.0-8.el6.noarch
Installing kurdit-unikurd-web-fonts-20020502-6.el6.noarch
Installing tibetan-machine-uni-fonts-1.901-5.el6.noarch
Installing lohit-devanagari-fonts-2.4.3-7.el6.noarch
Installing vlgothic-fonts-20091202-2.el6.noarch
Installing smc-meera-fonts-04.2-11.el6.noarch
Installing lohit-gujarati-fonts-2.4.4-4.el6.noarch
Installing paktype-naqsh-fonts-2.0-8.el6.noarch
Installing sil-padauk-fonts-2.6.1-1.el6.noarch
Installing lohit-punjabi-fonts-2.4.4-2.el6.noarch
Installing un-core-dotum-fonts-1.0.2-0.15.080608.el6.noarch
Installing lohit-tamil-fonts-2.4.5-5.el6.noarch
Installing stix-fonts-0.9-13.1.el6.noarch
Installing lohit-telugu-fonts-2.4.5-5.el6.noarch
Installing madan-fonts-2.000-3.el6.noarch
Installing lohit-oriya-fonts-2.4.3-6.el6.noarch
Installing wdaemon-0.17-2.el6.x86_64
Installing mtr-0.75-5.el6.x86_64
Installing traceroute-2.0.14-2.el6.x86_64
Installing setserial-2.17-25.el6.x86_64
Installing vconfig-1.9-8.1.el6.x86_64
Installing zip-3.0-1.el6.x86_64
Installing rfkill-0.3-4.el6.x86_64
Installing rdate-1.4-16.el6.x86_64
Installing bridge-utils-1.2-9.el6.x86_64
Installing eject-2.1.5-17.el6.x86_64
Installing strace-4.5.19-1.10.el6.x86_64
Installing b43-fwcutter-012-2.2.el6.x86_64
Installing latrace-0.5.9-2.el6.x86_64
Installing trace-cmd-1.0.4-7.el6.x86_64
Installing crash-trace-command-1.0-3.el6.x86_64
Installing m17n-db-thai-1.5.5-1.1.el6.noarch
Installing scenery-backgrounds-6.0.0-1.el6.noarch
Installing gnome-backgrounds-2.28.0-2.el6.noarch
Installing ql2400-firmware-5.06.02-1.el6.noarch
Installing iwl5000-firmware-8.83.5.1_1-1.el6_1.1.noarch
Installing ql2100-firmware-1.19.38-3.1.el6.noarch
Installing ivtv-firmware-20080701-20.2.noarch
Installing libertas-usb8388-firmware-5.110.22.p23-3.1.el6.noarch
Installing xorg-x11-drv-ati-firmware-6.14.2-7.el6.noarch
Installing ql2500-firmware-5.06.02-1.el6.noarch
Installing atmel-firmware-1.3-7.el6.noarch
Installing zd1211-firmware-1.4-4.el6.noarch
Installing iwl4965-firmware-228.61.2.24-2.1.el6.noarch
Installing rt61pci-firmware-1.2-7.el6.noarch
Installing iwl3945-firmware-15.32.2.9-4.el6.noarch
Installing ql2200-firmware-2.02.08-3.1.el6.noarch
Installing rt73usb-firmware-1.8-7.el6.noarch
Installing ipw2100-firmware-1.3-11.el6.noarch
Installing ql23xx-firmware-3.03.27-3.1.el6.noarch
Installing ipw2200-firmware-3.1-4.el6.noarch
Installing rootfiles-8.1-6.1.el6.noarch
Installing man-pages-3.22-17.el6.noarch
Installing words-3.0-17.el6.noarch
*** FINISHED INSTALLING PACKAGES ***